<?xml version="1.0" encoding="UTF-8"?>
<!-- Generated by org.testng.reporters.JUnitXMLReporter -->
<testsuite hostname="CMDABKAREEM" name="Default test" tests="8" failures="0" timestamp="31 Oct 2016 11:32:12 GMT" time="96.331" errors="0">
  <testcase name="myKDFTest" time="20.361" classname="com.hybrid.test.ActionDriver"/>
  <testcase name="myKDFTest" time="5.698" classname="com.hybrid.test.ActionDriver"/>
  <testcase name="myKDFTest" time="0.064" classname="com.hybrid.test.ActionDriver"/>
  <testcase name="myKDFTest" time="0.592" classname="com.hybrid.test.ActionDriver"/>
  <testcase name="myKDFTest" time="0.203" classname="com.hybrid.test.ActionDriver"/>
  <testcase name="myKDFTest" time="0.291" classname="com.hybrid.test.ActionDriver"/>
  <testcase name="myKDFTest" time="0.459" classname="com.hybrid.test.ActionDriver"/>
  <testcase name="myKDFTest" time="0.736" classname="com.hybrid.test.ActionDriver"/>
</testsuite> <!-- Default test -->
